DEBUG - 2026-02-16 01:01:17 --> Session: Class initialized using 'CodeIgniter\Session\Handlers\FileHandler' driver.
DEBUG - 2026-02-16 01:01:25 --> Session: Class initialized using 'CodeIgniter\Session\Handlers\FileHandler' driver.
DEBUG - 2026-02-16 01:01:30 --> Session: Class initialized using 'CodeIgniter\Session\Handlers\FileHandler' driver.
DEBUG - 2026-02-16 01:01:32 --> Session: Class initialized using 'CodeIgniter\Session\Handlers\FileHandler' driver.
DEBUG - 2026-02-16 01:02:07 --> Session: Class initialized using 'CodeIgniter\Session\Handlers\FileHandler' driver.
DEBUG - 2026-02-16 01:02:08 --> Session: Class initialized using 'CodeIgniter\Session\Handlers\FileHandler' driver.
DEBUG - 2026-02-16 01:02:09 --> Session: Class initialized using 'CodeIgniter\Session\Handlers\FileHandler' driver.
DEBUG - 2026-02-16 01:02:10 --> Session: Class initialized using 'CodeIgniter\Session\Handlers\FileHandler' driver.
DEBUG - 2026-02-16 01:02:11 --> Session: Class initialized using 'CodeIgniter\Session\Handlers\FileHandler' driver.
DEBUG - 2026-02-16 01:02:13 --> Session: Class initialized using 'CodeIgniter\Session\Handlers\FileHandler' driver.
DEBUG - 2026-02-16 01:02:15 --> Session: Class initialized using 'CodeIgniter\Session\Handlers\FileHandler' driver.
DEBUG - 2026-02-16 01:02:15 --> Session: Class initialized using 'CodeIgniter\Session\Handlers\FileHandler' driver.
DEBUG - 2026-02-16 01:02:15 --> Session: Class initialized using 'CodeIgniter\Session\Handlers\FileHandler' driver.
DEBUG - 2026-02-16 01:06:59 --> Session: Class initialized using 'CodeIgniter\Session\Handlers\FileHandler' driver.
DEBUG - 2026-02-16 01:11:05 --> Session: Class initialized using 'CodeIgniter\Session\Handlers\FileHandler' driver.
DEBUG - 2026-02-16 01:11:05 --> Session: Class initialized using 'CodeIgniter\Session\Handlers\FileHandler' driver.
DEBUG - 2026-02-16 01:11:16 --> Session: Class initialized using 'CodeIgniter\Session\Handlers\FileHandler' driver.
DEBUG - 2026-02-16 01:11:16 --> Session: Class initialized using 'CodeIgniter\Session\Handlers\FileHandler' driver.
DEBUG - 2026-02-16 01:13:17 --> Session: Class initialized using 'CodeIgniter\Session\Handlers\FileHandler' driver.
DEBUG - 2026-02-16 01:13:23 --> Session: Class initialized using 'CodeIgniter\Session\Handlers\FileHandler' driver.
DEBUG - 2026-02-16 01:13:24 --> Session: Class initialized using 'CodeIgniter\Session\Handlers\FileHandler' driver.
DEBUG - 2026-02-16 01:13:25 --> Session: Class initialized using 'CodeIgniter\Session\Handlers\FileHandler' driver.
CRITICAL - 2026-02-16 03:00:26 --> CodeIgniter\View\Exceptions\ViewException: Invalid file: "client/tickets/index.php"
[Method: GET, Route: client/tickets]
in SYSTEMPATH\Exceptions\FrameworkException.php on line 39.
 1 SYSTEMPATH\View\View.php(226): CodeIgniter\Exceptions\FrameworkException::forInvalidFile('client/tickets/index.php')
 2 SYSTEMPATH\Common.php(1250): CodeIgniter\View\View->render('client/tickets/index', [], true)
 3 APPPATH\Controllers\Client\TicketController.php(24): view('client/tickets/index', [...])
 4 SYSTEMPATH\CodeIgniter.php(951): App\Controllers\Client\TicketController->index()
 5 SYSTEMPATH\CodeIgniter.php(497): CodeIgniter\CodeIgniter->runController(Object(App\Controllers\Client\TicketController))
 6 SYSTEMPATH\CodeIgniter.php(340): CodeIgniter\CodeIgniter->handleRequest(null, Object(Config\Cache), false)
 7 SYSTEMPATH\Boot.php(417): CodeIgniter\CodeIgniter->run()
 8 SYSTEMPATH\Boot.php(68): CodeIgniter\Boot::runCodeIgniter(Object(CodeIgniter\CodeIgniter))
 9 FCPATH\index.php(59): CodeIgniter\Boot::bootWeb(Object(Config\Paths))
CRITICAL - 2026-02-16 03:01:05 --> CodeIgniter\View\Exceptions\ViewException: Invalid file: "client/tickets/index.php"
[Method: GET, Route: client/tickets]
in SYSTEMPATH\Exceptions\FrameworkException.php on line 39.
 1 SYSTEMPATH\View\View.php(226): CodeIgniter\Exceptions\FrameworkException::forInvalidFile('client/tickets/index.php')
 2 SYSTEMPATH\Common.php(1250): CodeIgniter\View\View->render('client/tickets/index', [], true)
 3 APPPATH\Controllers\Client\TicketController.php(34): view('client/tickets/index', [...])
 4 SYSTEMPATH\CodeIgniter.php(951): App\Controllers\Client\TicketController->index()
 5 SYSTEMPATH\CodeIgniter.php(497): CodeIgniter\CodeIgniter->runController(Object(App\Controllers\Client\TicketController))
 6 SYSTEMPATH\CodeIgniter.php(340): CodeIgniter\CodeIgniter->handleRequest(null, Object(Config\Cache), false)
 7 SYSTEMPATH\Boot.php(417): CodeIgniter\CodeIgniter->run()
 8 SYSTEMPATH\Boot.php(68): CodeIgniter\Boot::runCodeIgniter(Object(CodeIgniter\CodeIgniter))
 9 FCPATH\index.php(59): CodeIgniter\Boot::bootWeb(Object(Config\Paths))
CRITICAL - 2026-02-16 03:01:09 --> CodeIgniter\View\Exceptions\ViewException: Invalid file: "client/tickets/index.php"
[Method: GET, Route: client/tickets]
in SYSTEMPATH\Exceptions\FrameworkException.php on line 39.
 1 SYSTEMPATH\View\View.php(226): CodeIgniter\Exceptions\FrameworkException::forInvalidFile('client/tickets/index.php')
 2 SYSTEMPATH\Common.php(1250): CodeIgniter\View\View->render('client/tickets/index', [], true)
 3 APPPATH\Controllers\Client\TicketController.php(34): view('client/tickets/index', [...])
 4 SYSTEMPATH\CodeIgniter.php(951): App\Controllers\Client\TicketController->index()
 5 SYSTEMPATH\CodeIgniter.php(497): CodeIgniter\CodeIgniter->runController(Object(App\Controllers\Client\TicketController))
 6 SYSTEMPATH\CodeIgniter.php(340): CodeIgniter\CodeIgniter->handleRequest(null, Object(Config\Cache), false)
 7 SYSTEMPATH\Boot.php(417): CodeIgniter\CodeIgniter->run()
 8 SYSTEMPATH\Boot.php(68): CodeIgniter\Boot::runCodeIgniter(Object(CodeIgniter\CodeIgniter))
 9 FCPATH\index.php(59): CodeIgniter\Boot::bootWeb(Object(Config\Paths))
DEBUG - 2026-02-16 03:01:35 --> Session: Class initialized using 'CodeIgniter\Session\Handlers\FileHandler' driver.
CRITICAL - 2026-02-16 03:01:35 --> CodeIgniter\View\Exceptions\ViewException: Invalid file: "client/tickets/index.php"
[Method: GET, Route: client/tickets]
in SYSTEMPATH\Exceptions\FrameworkException.php on line 39.
 1 SYSTEMPATH\View\View.php(226): CodeIgniter\Exceptions\FrameworkException::forInvalidFile('client/tickets/index.php')
 2 SYSTEMPATH\Common.php(1250): CodeIgniter\View\View->render('client/tickets/index', [], true)
 3 APPPATH\Controllers\Client\TicketController.php(34): view('client/tickets/index', [...])
 4 SYSTEMPATH\CodeIgniter.php(951): App\Controllers\Client\TicketController->index()
 5 SYSTEMPATH\CodeIgniter.php(497): CodeIgniter\CodeIgniter->runController(Object(App\Controllers\Client\TicketController))
 6 SYSTEMPATH\CodeIgniter.php(340): CodeIgniter\CodeIgniter->handleRequest(null, Object(Config\Cache), false)
 7 SYSTEMPATH\Boot.php(417): CodeIgniter\CodeIgniter->run()
 8 SYSTEMPATH\Boot.php(68): CodeIgniter\Boot::runCodeIgniter(Object(CodeIgniter\CodeIgniter))
 9 FCPATH\index.php(59): CodeIgniter\Boot::bootWeb(Object(Config\Paths))
DEBUG - 2026-02-16 03:03:00 --> Session: Class initialized using 'CodeIgniter\Session\Handlers\FileHandler' driver.
CRITICAL - 2026-02-16 03:03:00 --> ErrorException: Undefined variable $userEmail
[Method: GET, Route: client/tickets]
in APPPATH\Views\shared\header.php on line 9.
 1 APPPATH\Views\shared\header.php(9): CodeIgniter\Debug\Exceptions->errorHandler(2, 'Undefined variable $userEmail', 'C:\\xampp\\htdocs\\hrweb-chat\\app\\Views\\shared\\header.php', 9)
 2 SYSTEMPATH\View\View.php(238): include('C:\\xampp\\htdocs\\hrweb-chat\\app\\Views\\shared\\header.php')
 3 SYSTEMPATH\View\View.php(241): CodeIgniter\View\View->CodeIgniter\View\{closure}()
 4 SYSTEMPATH\View\View.php(487): CodeIgniter\View\View->render('shared/header', null, true)
 5 APPPATH\Views\layouts\main_layout.php(27): CodeIgniter\View\View->include('shared/header')
 6 SYSTEMPATH\View\View.php(238): include('C:\\xampp\\htdocs\\hrweb-chat\\app\\Views\\layouts\\main_layout.php')
 7 SYSTEMPATH\View\View.php(241): CodeIgniter\View\View->CodeIgniter\View\{closure}()
 8 SYSTEMPATH\View\View.php(254): CodeIgniter\View\View->render('layouts/main_layout', [], true)
 9 SYSTEMPATH\Common.php(1250): CodeIgniter\View\View->render('client/tickets/index', [], true)
10 APPPATH\Controllers\Client\TicketController.php(34): view('client/tickets/index', [...])
11 SYSTEMPATH\CodeIgniter.php(951): App\Controllers\Client\TicketController->index()
12 SYSTEMPATH\CodeIgniter.php(497): CodeIgniter\CodeIgniter->runController(Object(App\Controllers\Client\TicketController))
13 SYSTEMPATH\CodeIgniter.php(340): CodeIgniter\CodeIgniter->handleRequest(null, Object(Config\Cache), false)
14 SYSTEMPATH\Boot.php(417): CodeIgniter\CodeIgniter->run()
15 SYSTEMPATH\Boot.php(68): CodeIgniter\Boot::runCodeIgniter(Object(CodeIgniter\CodeIgniter))
16 FCPATH\index.php(59): CodeIgniter\Boot::bootWeb(Object(Config\Paths))
DEBUG - 2026-02-16 03:05:30 --> Session: Class initialized using 'CodeIgniter\Session\Handlers\FileHandler' driver.
DEBUG - 2026-02-16 03:05:33 --> Session: Class initialized using 'CodeIgniter\Session\Handlers\FileHandler' driver.
DEBUG - 2026-02-16 03:05:34 --> Session: Class initialized using 'CodeIgniter\Session\Handlers\FileHandler' driver.
DEBUG - 2026-02-16 03:05:37 --> Session: Class initialized using 'CodeIgniter\Session\Handlers\FileHandler' driver.
DEBUG - 2026-02-16 03:05:39 --> Session: Class initialized using 'CodeIgniter\Session\Handlers\FileHandler' driver.
DEBUG - 2026-02-16 03:05:41 --> Session: Class initialized using 'CodeIgniter\Session\Handlers\FileHandler' driver.
DEBUG - 2026-02-16 03:05:43 --> Session: Class initialized using 'CodeIgniter\Session\Handlers\FileHandler' driver.
DEBUG - 2026-02-16 03:05:45 --> Session: Class initialized using 'CodeIgniter\Session\Handlers\FileHandler' driver.
DEBUG - 2026-02-16 03:05:46 --> Session: Class initialized using 'CodeIgniter\Session\Handlers\FileHandler' driver.
DEBUG - 2026-02-16 03:05:48 --> Session: Class initialized using 'CodeIgniter\Session\Handlers\FileHandler' driver.
DEBUG - 2026-02-16 03:05:50 --> Session: Class initialized using 'CodeIgniter\Session\Handlers\FileHandler' driver.
DEBUG - 2026-02-16 03:05:52 --> Session: Class initialized using 'CodeIgniter\Session\Handlers\FileHandler' driver.
CRITICAL - 2026-02-16 03:05:52 --> CodeIgniter\View\Exceptions\ViewException: Invalid file: "client/tickets/create.php"
[Method: GET, Route: client/tickets/create]
in SYSTEMPATH\Exceptions\FrameworkException.php on line 39.
 1 SYSTEMPATH\View\View.php(226): CodeIgniter\Exceptions\FrameworkException::forInvalidFile('client/tickets/create.php')
 2 SYSTEMPATH\Common.php(1250): CodeIgniter\View\View->render('client/tickets/create', [], true)
 3 APPPATH\Controllers\Client\TicketController.php(29): view('client/tickets/create', [...])
 4 SYSTEMPATH\CodeIgniter.php(951): App\Controllers\Client\TicketController->create()
 5 SYSTEMPATH\CodeIgniter.php(497): CodeIgniter\CodeIgniter->runController(Object(App\Controllers\Client\TicketController))
 6 SYSTEMPATH\CodeIgniter.php(340): CodeIgniter\CodeIgniter->handleRequest(null, Object(Config\Cache), false)
 7 SYSTEMPATH\Boot.php(417): CodeIgniter\CodeIgniter->run()
 8 SYSTEMPATH\Boot.php(68): CodeIgniter\Boot::runCodeIgniter(Object(CodeIgniter\CodeIgniter))
 9 FCPATH\index.php(59): CodeIgniter\Boot::bootWeb(Object(Config\Paths))
DEBUG - 2026-02-16 03:07:56 --> Session: Class initialized using 'CodeIgniter\Session\Handlers\FileHandler' driver.
DEBUG - 2026-02-16 03:08:04 --> Session: Class initialized using 'CodeIgniter\Session\Handlers\FileHandler' driver.
DEBUG - 2026-02-16 03:08:08 --> Session: Class initialized using 'CodeIgniter\Session\Handlers\FileHandler' driver.
DEBUG - 2026-02-16 03:08:08 --> Session: Class initialized using 'CodeIgniter\Session\Handlers\FileHandler' driver.
DEBUG - 2026-02-16 03:08:18 --> Session: Class initialized using 'CodeIgniter\Session\Handlers\FileHandler' driver.
DEBUG - 2026-02-16 03:08:19 --> Session: Class initialized using 'CodeIgniter\Session\Handlers\FileHandler' driver.
DEBUG - 2026-02-16 03:08:21 --> Session: Class initialized using 'CodeIgniter\Session\Handlers\FileHandler' driver.
DEBUG - 2026-02-16 03:08:22 --> Session: Class initialized using 'CodeIgniter\Session\Handlers\FileHandler' driver.
DEBUG - 2026-02-16 03:11:01 --> Session: Class initialized using 'CodeIgniter\Session\Handlers\FileHandler' driver.
DEBUG - 2026-02-16 03:11:10 --> Session: Class initialized using 'CodeIgniter\Session\Handlers\FileHandler' driver.
DEBUG - 2026-02-16 03:11:14 --> Session: Class initialized using 'CodeIgniter\Session\Handlers\FileHandler' driver.
DEBUG - 2026-02-16 03:11:18 --> Session: Class initialized using 'CodeIgniter\Session\Handlers\FileHandler' driver.
DEBUG - 2026-02-16 03:33:49 --> Session: Class initialized using 'CodeIgniter\Session\Handlers\FileHandler' driver.
DEBUG - 2026-02-16 03:33:51 --> Session: Class initialized using 'CodeIgniter\Session\Handlers\FileHandler' driver.
DEBUG - 2026-02-16 03:40:20 --> Session: Class initialized using 'CodeIgniter\Session\Handlers\FileHandler' driver.
ERROR - 2026-02-16 03:40:20 --> Table 'hrweb_db.ticket_categories' doesn't exist
in SYSTEMPATH\Database\MySQLi\Connection.php on line 300.
 1 SYSTEMPATH\Database\MySQLi\Connection.php(300): mysqli->query('SELECT *
FROM `ticket_categories`
ORDER BY `name` ASC', 0)
 2 SYSTEMPATH\Database\BaseConnection.php(769): CodeIgniter\Database\MySQLi\Connection->execute('SELECT *
FROM `ticket_categories`
ORDER BY `name` ASC')
 3 SYSTEMPATH\Database\BaseConnection.php(686): CodeIgniter\Database\BaseConnection->simpleQuery('SELECT *
FROM `ticket_categories`
ORDER BY `name` ASC')
 4 SYSTEMPATH\Database\BaseBuilder.php(1649): CodeIgniter\Database\BaseConnection->query('SELECT *
FROM `ticket_categories`
ORDER BY `name` ASC', [], false)
 5 APPPATH\Models\TicketModel.php(47): CodeIgniter\Database\BaseBuilder->get()
 6 APPPATH\Controllers\Client\TicketController.php(24): App\Models\TicketModel->getCategories()
 7 SYSTEMPATH\CodeIgniter.php(951): App\Controllers\Client\TicketController->create()
 8 SYSTEMPATH\CodeIgniter.php(497): CodeIgniter\CodeIgniter->runController(Object(App\Controllers\Client\TicketController))
 9 SYSTEMPATH\CodeIgniter.php(340): CodeIgniter\CodeIgniter->handleRequest(null, Object(Config\Cache), false)
10 SYSTEMPATH\Boot.php(417): CodeIgniter\CodeIgniter->run()
11 SYSTEMPATH\Boot.php(68): CodeIgniter\Boot::runCodeIgniter(Object(CodeIgniter\CodeIgniter))
12 FCPATH\index.php(59): CodeIgniter\Boot::bootWeb(Object(Config\Paths))
CRITICAL - 2026-02-16 03:40:20 --> CodeIgniter\Database\Exceptions\DatabaseException: Table 'hrweb_db.ticket_categories' doesn't exist
[Method: GET, Route: client/tickets/create]
in SYSTEMPATH\Database\BaseConnection.php on line 724.
 1 SYSTEMPATH\Database\BaseBuilder.php(1649): CodeIgniter\Database\BaseConnection->query('SELECT *
FROM `ticket_categories`
ORDER BY `name` ASC', [], false)
 2 APPPATH\Models\TicketModel.php(47): CodeIgniter\Database\BaseBuilder->get()
 3 APPPATH\Controllers\Client\TicketController.php(24): App\Models\TicketModel->getCategories()
 4 SYSTEMPATH\CodeIgniter.php(951): App\Controllers\Client\TicketController->create()
 5 SYSTEMPATH\CodeIgniter.php(497): CodeIgniter\CodeIgniter->runController(Object(App\Controllers\Client\TicketController))
 6 SYSTEMPATH\CodeIgniter.php(340): CodeIgniter\CodeIgniter->handleRequest(null, Object(Config\Cache), false)
 7 SYSTEMPATH\Boot.php(417): CodeIgniter\CodeIgniter->run()
 8 SYSTEMPATH\Boot.php(68): CodeIgniter\Boot::runCodeIgniter(Object(CodeIgniter\CodeIgniter))
 9 FCPATH\index.php(59): CodeIgniter\Boot::bootWeb(Object(Config\Paths))
CRITICAL - 2026-02-16 03:40:20 --> [Caused by] CodeIgniter\Database\Exceptions\DatabaseException: Table 'hrweb_db.ticket_categories' doesn't exist
in SYSTEMPATH\Database\MySQLi\Connection.php on line 310.
 1 SYSTEMPATH\Database\BaseConnection.php(769): CodeIgniter\Database\MySQLi\Connection->execute('SELECT *
FROM `ticket_categories`
ORDER BY `name` ASC')
 2 SYSTEMPATH\Database\BaseConnection.php(686): CodeIgniter\Database\BaseConnection->simpleQuery('SELECT *
FROM `ticket_categories`
ORDER BY `name` ASC')
 3 SYSTEMPATH\Database\BaseBuilder.php(1649): CodeIgniter\Database\BaseConnection->query('SELECT *
FROM `ticket_categories`
ORDER BY `name` ASC', [], false)
 4 APPPATH\Models\TicketModel.php(47): CodeIgniter\Database\BaseBuilder->get()
 5 APPPATH\Controllers\Client\TicketController.php(24): App\Models\TicketModel->getCategories()
 6 SYSTEMPATH\CodeIgniter.php(951): App\Controllers\Client\TicketController->create()
 7 SYSTEMPATH\CodeIgniter.php(497): CodeIgniter\CodeIgniter->runController(Object(App\Controllers\Client\TicketController))
 8 SYSTEMPATH\CodeIgniter.php(340): CodeIgniter\CodeIgniter->handleRequest(null, Object(Config\Cache), false)
 9 SYSTEMPATH\Boot.php(417): CodeIgniter\CodeIgniter->run()
10 SYSTEMPATH\Boot.php(68): CodeIgniter\Boot::runCodeIgniter(Object(CodeIgniter\CodeIgniter))
11 FCPATH\index.php(59): CodeIgniter\Boot::bootWeb(Object(Config\Paths))
CRITICAL - 2026-02-16 03:40:20 --> [Caused by] mysqli_sql_exception: Table 'hrweb_db.ticket_categories' doesn't exist
in SYSTEMPATH\Database\MySQLi\Connection.php on line 300.
 1 SYSTEMPATH\Database\MySQLi\Connection.php(300): mysqli->query('SELECT *
FROM `ticket_categories`
ORDER BY `name` ASC', 0)
 2 SYSTEMPATH\Database\BaseConnection.php(769): CodeIgniter\Database\MySQLi\Connection->execute('SELECT *
FROM `ticket_categories`
ORDER BY `name` ASC')
 3 SYSTEMPATH\Database\BaseConnection.php(686): CodeIgniter\Database\BaseConnection->simpleQuery('SELECT *
FROM `ticket_categories`
ORDER BY `name` ASC')
 4 SYSTEMPATH\Database\BaseBuilder.php(1649): CodeIgniter\Database\BaseConnection->query('SELECT *
FROM `ticket_categories`
ORDER BY `name` ASC', [], false)
 5 APPPATH\Models\TicketModel.php(47): CodeIgniter\Database\BaseBuilder->get()
 6 APPPATH\Controllers\Client\TicketController.php(24): App\Models\TicketModel->getCategories()
 7 SYSTEMPATH\CodeIgniter.php(951): App\Controllers\Client\TicketController->create()
 8 SYSTEMPATH\CodeIgniter.php(497): CodeIgniter\CodeIgniter->runController(Object(App\Controllers\Client\TicketController))
 9 SYSTEMPATH\CodeIgniter.php(340): CodeIgniter\CodeIgniter->handleRequest(null, Object(Config\Cache), false)
10 SYSTEMPATH\Boot.php(417): CodeIgniter\CodeIgniter->run()
11 SYSTEMPATH\Boot.php(68): CodeIgniter\Boot::runCodeIgniter(Object(CodeIgniter\CodeIgniter))
12 FCPATH\index.php(59): CodeIgniter\Boot::bootWeb(Object(Config\Paths))
DEBUG - 2026-02-16 03:41:44 --> Session: Class initialized using 'CodeIgniter\Session\Handlers\FileHandler' driver.
DEBUG - 2026-02-16 03:41:49 --> Session: Class initialized using 'CodeIgniter\Session\Handlers\FileHandler' driver.
DEBUG - 2026-02-16 03:41:50 --> Session: Class initialized using 'CodeIgniter\Session\Handlers\FileHandler' driver.
DEBUG - 2026-02-16 03:41:52 --> Session: Class initialized using 'CodeIgniter\Session\Handlers\FileHandler' driver.
DEBUG - 2026-02-16 03:43:14 --> Session: Class initialized using 'CodeIgniter\Session\Handlers\FileHandler' driver.
DEBUG - 2026-02-16 03:45:11 --> Session: Class initialized using 'CodeIgniter\Session\Handlers\FileHandler' driver.
DEBUG - 2026-02-16 03:54:48 --> Session: Class initialized using 'CodeIgniter\Session\Handlers\FileHandler' driver.
DEBUG - 2026-02-16 03:54:58 --> Session: Class initialized using 'CodeIgniter\Session\Handlers\FileHandler' driver.
DEBUG - 2026-02-16 03:54:59 --> Session: Class initialized using 'CodeIgniter\Session\Handlers\FileHandler' driver.
DEBUG - 2026-02-16 03:55:01 --> Session: Class initialized using 'CodeIgniter\Session\Handlers\FileHandler' driver.
DEBUG - 2026-02-16 03:55:04 --> Session: Class initialized using 'CodeIgniter\Session\Handlers\FileHandler' driver.
DEBUG - 2026-02-16 03:55:07 --> Session: Class initialized using 'CodeIgniter\Session\Handlers\FileHandler' driver.
DEBUG - 2026-02-16 04:57:01 --> Session: Class initialized using 'CodeIgniter\Session\Handlers\FileHandler' driver.
DEBUG - 2026-02-16 04:57:01 --> Session: Class initialized using 'CodeIgniter\Session\Handlers\FileHandler' driver.
DEBUG - 2026-02-16 04:57:07 --> Session: Class initialized using 'CodeIgniter\Session\Handlers\FileHandler' driver.
DEBUG - 2026-02-16 04:57:09 --> Session: Class initialized using 'CodeIgniter\Session\Handlers\FileHandler' driver.
DEBUG - 2026-02-16 04:57:18 --> Session: Class initialized using 'CodeIgniter\Session\Handlers\FileHandler' driver.
DEBUG - 2026-02-16 04:57:21 --> Session: Class initialized using 'CodeIgniter\Session\Handlers\FileHandler' driver.
DEBUG - 2026-02-16 05:04:17 --> Session: Class initialized using 'CodeIgniter\Session\Handlers\FileHandler' driver.
DEBUG - 2026-02-16 05:07:49 --> Session: Class initialized using 'CodeIgniter\Session\Handlers\FileHandler' driver.
DEBUG - 2026-02-16 05:07:50 --> Session: Class initialized using 'CodeIgniter\Session\Handlers\FileHandler' driver.
DEBUG - 2026-02-16 05:07:51 --> Session: Class initialized using 'CodeIgniter\Session\Handlers\FileHandler' driver.
DEBUG - 2026-02-16 05:07:52 --> Session: Class initialized using 'CodeIgniter\Session\Handlers\FileHandler' driver.
DEBUG - 2026-02-16 05:08:25 --> Session: Class initialized using 'CodeIgniter\Session\Handlers\FileHandler' driver.
ERROR - 2026-02-16 05:08:25 --> Unknown column 'attachment' in 'field list'
in SYSTEMPATH\Database\MySQLi\Connection.php on line 300.
 1 SYSTEMPATH\Database\MySQLi\Connection.php(300): mysqli->query('INSERT INTO `tickets` (`ticket_number`, `client_id`, `subject`, `category`, `priority`, `description`, `attachment`, `status`, `created_at`, `updated_at`) VALUES (\'TIC-20260216-0001\', NULL, \'System Hang\', \'Technical Support\', \'High\', \'oh nooo!\', \'1771218505_03ce3919ad30f3b00aec.png\', \'Open\', \'2026-02-16 05:08:25\', \'2026-02-16 05:08:25\')', 0)
 2 SYSTEMPATH\Database\BaseConnection.php(769): CodeIgniter\Database\MySQLi\Connection->execute('INSERT INTO `tickets` (`ticket_number`, `client_id`, `subject`, `category`, `priority`, `description`, `attachment`, `status`, `created_at`, `updated_at`) VALUES (\'TIC-20260216-0001\', NULL, \'System Hang\', \'Technical Support\', \'High\', \'oh nooo!\', \'1771218505_03ce3919ad30f3b00aec.png\', \'Open\', \'2026-02-16 05:08:25\', \'2026-02-16 05:08:25\')')
 3 SYSTEMPATH\Database\BaseConnection.php(686): CodeIgniter\Database\BaseConnection->simpleQuery('INSERT INTO `tickets` (`ticket_number`, `client_id`, `subject`, `category`, `priority`, `description`, `attachment`, `status`, `created_at`, `updated_at`) VALUES (\'TIC-20260216-0001\', NULL, \'System Hang\', \'Technical Support\', \'High\', \'oh nooo!\', \'1771218505_03ce3919ad30f3b00aec.png\', \'Open\', \'2026-02-16 05:08:25\', \'2026-02-16 05:08:25\')')
 4 SYSTEMPATH\Database\BaseBuilder.php(2345): CodeIgniter\Database\BaseConnection->query('INSERT INTO `tickets` (`ticket_number`, `client_id`, `subject`, `category`, `priority`, `description`, `attachment`, `status`, `created_at`, `updated_at`) VALUES (:ticket_number:, :client_id:, :subject:, :category:, :priority:, :description:, :attachment:, :status:, :created_at:, :updated_at:)', [...], false)
 5 SYSTEMPATH\Model.php(356): CodeIgniter\Database\BaseBuilder->insert()
 6 SYSTEMPATH\BaseModel.php(898): CodeIgniter\Model->doInsert([...])
 7 SYSTEMPATH\Model.php(665): CodeIgniter\BaseModel->insert([...], false)
 8 SYSTEMPATH\BaseModel.php(751): CodeIgniter\Model->insert([...], false)
 9 APPPATH\Controllers\Client\TicketController.php(49): CodeIgniter\BaseModel->save([...])
10 SYSTEMPATH\CodeIgniter.php(951): App\Controllers\Client\TicketController->store()
11 SYSTEMPATH\CodeIgniter.php(497): CodeIgniter\CodeIgniter->runController(Object(App\Controllers\Client\TicketController))
12 SYSTEMPATH\CodeIgniter.php(340): CodeIgniter\CodeIgniter->handleRequest(null, Object(Config\Cache), false)
13 SYSTEMPATH\Boot.php(417): CodeIgniter\CodeIgniter->run()
14 SYSTEMPATH\Boot.php(68): CodeIgniter\Boot::runCodeIgniter(Object(CodeIgniter\CodeIgniter))
15 FCPATH\index.php(59): CodeIgniter\Boot::bootWeb(Object(Config\Paths))
CRITICAL - 2026-02-16 05:08:25 --> CodeIgniter\Database\Exceptions\DatabaseException: Unknown column 'attachment' in 'field list'
[Method: POST, Route: client/tickets/store]
in SYSTEMPATH\Database\BaseConnection.php on line 724.
 1 SYSTEMPATH\Database\BaseBuilder.php(2345): CodeIgniter\Database\BaseConnection->query('INSERT INTO `tickets` (`ticket_number`, `client_id`, `subject`, `category`, `priority`, `description`, `attachment`, `status`, `created_at`, `updated_at`) VALUES (:ticket_number:, :client_id:, :subject:, :category:, :priority:, :description:, :attachment:, :status:, :created_at:, :updated_at:)', [...], false)
 2 SYSTEMPATH\Model.php(356): CodeIgniter\Database\BaseBuilder->insert()
 3 SYSTEMPATH\BaseModel.php(898): CodeIgniter\Model->doInsert([...])
 4 SYSTEMPATH\Model.php(665): CodeIgniter\BaseModel->insert([...], false)
 5 SYSTEMPATH\BaseModel.php(751): CodeIgniter\Model->insert([...], false)
 6 APPPATH\Controllers\Client\TicketController.php(49): CodeIgniter\BaseModel->save([...])
 7 SYSTEMPATH\CodeIgniter.php(951): App\Controllers\Client\TicketController->store()
 8 SYSTEMPATH\CodeIgniter.php(497): CodeIgniter\CodeIgniter->runController(Object(App\Controllers\Client\TicketController))
 9 SYSTEMPATH\CodeIgniter.php(340): CodeIgniter\CodeIgniter->handleRequest(null, Object(Config\Cache), false)
10 SYSTEMPATH\Boot.php(417): CodeIgniter\CodeIgniter->run()
11 SYSTEMPATH\Boot.php(68): CodeIgniter\Boot::runCodeIgniter(Object(CodeIgniter\CodeIgniter))
12 FCPATH\index.php(59): CodeIgniter\Boot::bootWeb(Object(Config\Paths))
CRITICAL - 2026-02-16 05:08:25 --> [Caused by] CodeIgniter\Database\Exceptions\DatabaseException: Unknown column 'attachment' in 'field list'
in SYSTEMPATH\Database\MySQLi\Connection.php on line 310.
 1 SYSTEMPATH\Database\BaseConnection.php(769): CodeIgniter\Database\MySQLi\Connection->execute('INSERT INTO `tickets` (`ticket_number`, `client_id`, `subject`, `category`, `priority`, `description`, `attachment`, `status`, `created_at`, `updated_at`) VALUES (\'TIC-20260216-0001\', NULL, \'System Hang\', \'Technical Support\', \'High\', \'oh nooo!\', \'1771218505_03ce3919ad30f3b00aec.png\', \'Open\', \'2026-02-16 05:08:25\', \'2026-02-16 05:08:25\')')
 2 SYSTEMPATH\Database\BaseConnection.php(686): CodeIgniter\Database\BaseConnection->simpleQuery('INSERT INTO `tickets` (`ticket_number`, `client_id`, `subject`, `category`, `priority`, `description`, `attachment`, `status`, `created_at`, `updated_at`) VALUES (\'TIC-20260216-0001\', NULL, \'System Hang\', \'Technical Support\', \'High\', \'oh nooo!\', \'1771218505_03ce3919ad30f3b00aec.png\', \'Open\', \'2026-02-16 05:08:25\', \'2026-02-16 05:08:25\')')
 3 SYSTEMPATH\Database\BaseBuilder.php(2345): CodeIgniter\Database\BaseConnection->query('INSERT INTO `tickets` (`ticket_number`, `client_id`, `subject`, `category`, `priority`, `description`, `attachment`, `status`, `created_at`, `updated_at`) VALUES (:ticket_number:, :client_id:, :subject:, :category:, :priority:, :description:, :attachment:, :status:, :created_at:, :updated_at:)', [...], false)
 4 SYSTEMPATH\Model.php(356): CodeIgniter\Database\BaseBuilder->insert()
 5 SYSTEMPATH\BaseModel.php(898): CodeIgniter\Model->doInsert([...])
 6 SYSTEMPATH\Model.php(665): CodeIgniter\BaseModel->insert([...], false)
 7 SYSTEMPATH\BaseModel.php(751): CodeIgniter\Model->insert([...], false)
 8 APPPATH\Controllers\Client\TicketController.php(49): CodeIgniter\BaseModel->save([...])
 9 SYSTEMPATH\CodeIgniter.php(951): App\Controllers\Client\TicketController->store()
10 SYSTEMPATH\CodeIgniter.php(497): CodeIgniter\CodeIgniter->runController(Object(App\Controllers\Client\TicketController))
11 SYSTEMPATH\CodeIgniter.php(340): CodeIgniter\CodeIgniter->handleRequest(null, Object(Config\Cache), false)
12 SYSTEMPATH\Boot.php(417): CodeIgniter\CodeIgniter->run()
13 SYSTEMPATH\Boot.php(68): CodeIgniter\Boot::runCodeIgniter(Object(CodeIgniter\CodeIgniter))
14 FCPATH\index.php(59): CodeIgniter\Boot::bootWeb(Object(Config\Paths))
CRITICAL - 2026-02-16 05:08:25 --> [Caused by] mysqli_sql_exception: Unknown column 'attachment' in 'field list'
in SYSTEMPATH\Database\MySQLi\Connection.php on line 300.
 1 SYSTEMPATH\Database\MySQLi\Connection.php(300): mysqli->query('INSERT INTO `tickets` (`ticket_number`, `client_id`, `subject`, `category`, `priority`, `description`, `attachment`, `status`, `created_at`, `updated_at`) VALUES (\'TIC-20260216-0001\', NULL, \'System Hang\', \'Technical Support\', \'High\', \'oh nooo!\', \'1771218505_03ce3919ad30f3b00aec.png\', \'Open\', \'2026-02-16 05:08:25\', \'2026-02-16 05:08:25\')', 0)
 2 SYSTEMPATH\Database\BaseConnection.php(769): CodeIgniter\Database\MySQLi\Connection->execute('INSERT INTO `tickets` (`ticket_number`, `client_id`, `subject`, `category`, `priority`, `description`, `attachment`, `status`, `created_at`, `updated_at`) VALUES (\'TIC-20260216-0001\', NULL, \'System Hang\', \'Technical Support\', \'High\', \'oh nooo!\', \'1771218505_03ce3919ad30f3b00aec.png\', \'Open\', \'2026-02-16 05:08:25\', \'2026-02-16 05:08:25\')')
 3 SYSTEMPATH\Database\BaseConnection.php(686): CodeIgniter\Database\BaseConnection->simpleQuery('INSERT INTO `tickets` (`ticket_number`, `client_id`, `subject`, `category`, `priority`, `description`, `attachment`, `status`, `created_at`, `updated_at`) VALUES (\'TIC-20260216-0001\', NULL, \'System Hang\', \'Technical Support\', \'High\', \'oh nooo!\', \'1771218505_03ce3919ad30f3b00aec.png\', \'Open\', \'2026-02-16 05:08:25\', \'2026-02-16 05:08:25\')')
 4 SYSTEMPATH\Database\BaseBuilder.php(2345): CodeIgniter\Database\BaseConnection->query('INSERT INTO `tickets` (`ticket_number`, `client_id`, `subject`, `category`, `priority`, `description`, `attachment`, `status`, `created_at`, `updated_at`) VALUES (:ticket_number:, :client_id:, :subject:, :category:, :priority:, :description:, :attachment:, :status:, :created_at:, :updated_at:)', [...], false)
 5 SYSTEMPATH\Model.php(356): CodeIgniter\Database\BaseBuilder->insert()
 6 SYSTEMPATH\BaseModel.php(898): CodeIgniter\Model->doInsert([...])
 7 SYSTEMPATH\Model.php(665): CodeIgniter\BaseModel->insert([...], false)
 8 SYSTEMPATH\BaseModel.php(751): CodeIgniter\Model->insert([...], false)
 9 APPPATH\Controllers\Client\TicketController.php(49): CodeIgniter\BaseModel->save([...])
10 SYSTEMPATH\CodeIgniter.php(951): App\Controllers\Client\TicketController->store()
11 SYSTEMPATH\CodeIgniter.php(497): CodeIgniter\CodeIgniter->runController(Object(App\Controllers\Client\TicketController))
12 SYSTEMPATH\CodeIgniter.php(340): CodeIgniter\CodeIgniter->handleRequest(null, Object(Config\Cache), false)
13 SYSTEMPATH\Boot.php(417): CodeIgniter\CodeIgniter->run()
14 SYSTEMPATH\Boot.php(68): CodeIgniter\Boot::runCodeIgniter(Object(CodeIgniter\CodeIgniter))
15 FCPATH\index.php(59): CodeIgniter\Boot::bootWeb(Object(Config\Paths))
ERROR - 2026-02-16 05:12:43 --> Can't create table `hrweb_db`.`ticket_replies` (errno: 150 "Foreign key constraint is incorrectly formed")
in SYSTEMPATH\Database\MySQLi\Connection.php on line 300.
 1 SYSTEMPATH\Database\MySQLi\Connection.php(300): mysqli->query('CREATE TABLE `ticket_replies` (
	`id` INT(11) UNSIGNED NOT NULL AUTO_INCREMENT,
	`ticket_id` INT(11) UNSIGNED NOT NULL,
	`user_id` INT(11) UNSIGNED NOT NULL,
	`message` TEXT NOT NULL,
	`attachment` VARCHAR(255) NULL,
	`created_at` DATETIME NULL,
	CONSTRAINT `pk_ticket_replies` PRIMARY KEY(`id`),
	CONSTRAINT `ticket_replies_ticket_id_foreign` FOREIGN KEY (`ticket_id`) REFERENCES `tickets`(`id`) ON DELETE CASCADE ON UPDATE CASCADE
) DEFAULT CHARACTER SET = utf8mb4 COLLATE = utf8mb4_general_ci', 0)
 2 SYSTEMPATH\Database\BaseConnection.php(769): CodeIgniter\Database\MySQLi\Connection->execute('CREATE TABLE `ticket_replies` (
	`id` INT(11) UNSIGNED NOT NULL AUTO_INCREMENT,
	`ticket_id` INT(11) UNSIGNED NOT NULL,
	`user_id` INT(11) UNSIGNED NOT NULL,
	`message` TEXT NOT NULL,
	`attachment` VARCHAR(255) NULL,
	`created_at` DATETIME NULL,
	CONSTRAINT `pk_ticket_replies` PRIMARY KEY(`id`),
	CONSTRAINT `ticket_replies_ticket_id_foreign` FOREIGN KEY (`ticket_id`) REFERENCES `tickets`(`id`) ON DELETE CASCADE ON UPDATE CASCADE
) DEFAULT CHARACTER SET = utf8mb4 COLLATE = utf8mb4_general_ci')
 3 SYSTEMPATH\Database\BaseConnection.php(686): CodeIgniter\Database\BaseConnection->simpleQuery('CREATE TABLE `ticket_replies` (
	`id` INT(11) UNSIGNED NOT NULL AUTO_INCREMENT,
	`ticket_id` INT(11) UNSIGNED NOT NULL,
	`user_id` INT(11) UNSIGNED NOT NULL,
	`message` TEXT NOT NULL,
	`attachment` VARCHAR(255) NULL,
	`created_at` DATETIME NULL,
	CONSTRAINT `pk_ticket_replies` PRIMARY KEY(`id`),
	CONSTRAINT `ticket_replies_ticket_id_foreign` FOREIGN KEY (`ticket_id`) REFERENCES `tickets`(`id`) ON DELETE CASCADE ON UPDATE CASCADE
) DEFAULT CHARACTER SET = utf8mb4 COLLATE = utf8mb4_general_ci')
 4 SYSTEMPATH\Database\Forge.php(570): CodeIgniter\Database\BaseConnection->query('CREATE TABLE `ticket_replies` (
	`id` INT(11) UNSIGNED NOT NULL AUTO_INCREMENT,
	`ticket_id` INT(11) UNSIGNED NOT NULL,
	`user_id` INT(11) UNSIGNED NOT NULL,
	`message` TEXT NOT NULL,
	`attachment` VARCHAR(255) NULL,
	`created_at` DATETIME NULL,
	CONSTRAINT `pk_ticket_replies` PRIMARY KEY(`id`),
	CONSTRAINT `ticket_replies_ticket_id_foreign` FOREIGN KEY (`ticket_id`) REFERENCES `tickets`(`id`) ON DELETE CASCADE ON UPDATE CASCADE
) DEFAULT CHARACTER SET = utf8mb4 COLLATE = utf8mb4_general_ci')
 5 APPPATH\Database\Migrations\2026-02-16-000001_FinalTicketingSystem.php(37): CodeIgniter\Database\Forge->createTable('ticket_replies', true)
 6 SYSTEMPATH\Database\MigrationRunner.php(1014): App\Database\Migrations\FinalTicketingSystem->up()
 7 SYSTEMPATH\Database\MigrationRunner.php(202): CodeIgniter\Database\MigrationRunner->migrate('up', Object(stdClass))
 8 SYSTEMPATH\Commands\Database\Migrate.php(89): CodeIgniter\Database\MigrationRunner->latest(null)
 9 SYSTEMPATH\CLI\SignalTrait.php(245): CodeIgniter\Commands\Database\Migrate::CodeIgniter\Commands\Database\{closure}()
10 SYSTEMPATH\Commands\Database\Migrate.php(88): CodeIgniter\Commands\Database\Migrate->withSignalsBlocked(Object(Closure))
11 SYSTEMPATH\CLI\Commands.php(74): CodeIgniter\Commands\Database\Migrate->run([])
12 SYSTEMPATH\CLI\Console.php(47): CodeIgniter\CLI\Commands->run('migrate', [])
13 SYSTEMPATH\Boot.php(442): CodeIgniter\CLI\Console->run()
14 SYSTEMPATH\Boot.php(166): CodeIgniter\Boot::runCommand(Object(CodeIgniter\CLI\Console))
15 ROOTPATH\spark(87): CodeIgniter\Boot::bootSpark(Object(Config\Paths))
DEBUG - 2026-02-16 05:12:55 --> Session: Class initialized using 'CodeIgniter\Session\Handlers\FileHandler' driver.
ERROR - 2026-02-16 05:12:55 --> Column 'client_id' cannot be null
in SYSTEMPATH\Database\MySQLi\Connection.php on line 300.
 1 SYSTEMPATH\Database\MySQLi\Connection.php(300): mysqli->query('INSERT INTO `tickets` (`ticket_number`, `client_id`, `subject`, `category`, `priority`, `description`, `attachment`, `status`, `created_at`, `updated_at`) VALUES (\'TIC-20260216-0001\', NULL, \'System Hang\', \'Technical Support\', \'High\', \'oh nooo!\', \'1771218775_a6d27b136d12ec4c46c9.png\', \'Open\', \'2026-02-16 05:12:55\', \'2026-02-16 05:12:55\')', 0)
 2 SYSTEMPATH\Database\BaseConnection.php(769): CodeIgniter\Database\MySQLi\Connection->execute('INSERT INTO `tickets` (`ticket_number`, `client_id`, `subject`, `category`, `priority`, `description`, `attachment`, `status`, `created_at`, `updated_at`) VALUES (\'TIC-20260216-0001\', NULL, \'System Hang\', \'Technical Support\', \'High\', \'oh nooo!\', \'1771218775_a6d27b136d12ec4c46c9.png\', \'Open\', \'2026-02-16 05:12:55\', \'2026-02-16 05:12:55\')')
 3 SYSTEMPATH\Database\BaseConnection.php(686): CodeIgniter\Database\BaseConnection->simpleQuery('INSERT INTO `tickets` (`ticket_number`, `client_id`, `subject`, `category`, `priority`, `description`, `attachment`, `status`, `created_at`, `updated_at`) VALUES (\'TIC-20260216-0001\', NULL, \'System Hang\', \'Technical Support\', \'High\', \'oh nooo!\', \'1771218775_a6d27b136d12ec4c46c9.png\', \'Open\', \'2026-02-16 05:12:55\', \'2026-02-16 05:12:55\')')
 4 SYSTEMPATH\Database\BaseBuilder.php(2345): CodeIgniter\Database\BaseConnection->query('INSERT INTO `tickets` (`ticket_number`, `client_id`, `subject`, `category`, `priority`, `description`, `attachment`, `status`, `created_at`, `updated_at`) VALUES (:ticket_number:, :client_id:, :subject:, :category:, :priority:, :description:, :attachment:, :status:, :created_at:, :updated_at:)', [...], false)
 5 SYSTEMPATH\Model.php(356): CodeIgniter\Database\BaseBuilder->insert()
 6 SYSTEMPATH\BaseModel.php(898): CodeIgniter\Model->doInsert([...])
 7 SYSTEMPATH\Model.php(665): CodeIgniter\BaseModel->insert([...], false)
 8 SYSTEMPATH\BaseModel.php(751): CodeIgniter\Model->insert([...], false)
 9 APPPATH\Controllers\Client\TicketController.php(49): CodeIgniter\BaseModel->save([...])
10 SYSTEMPATH\CodeIgniter.php(951): App\Controllers\Client\TicketController->store()
11 SYSTEMPATH\CodeIgniter.php(497): CodeIgniter\CodeIgniter->runController(Object(App\Controllers\Client\TicketController))
12 SYSTEMPATH\CodeIgniter.php(340): CodeIgniter\CodeIgniter->handleRequest(null, Object(Config\Cache), false)
13 SYSTEMPATH\Boot.php(417): CodeIgniter\CodeIgniter->run()
14 SYSTEMPATH\Boot.php(68): CodeIgniter\Boot::runCodeIgniter(Object(CodeIgniter\CodeIgniter))
15 FCPATH\index.php(59): CodeIgniter\Boot::bootWeb(Object(Config\Paths))
CRITICAL - 2026-02-16 05:12:55 --> CodeIgniter\Database\Exceptions\DatabaseException: Column 'client_id' cannot be null
[Method: POST, Route: client/tickets/store]
in SYSTEMPATH\Database\BaseConnection.php on line 724.
 1 SYSTEMPATH\Database\BaseBuilder.php(2345): CodeIgniter\Database\BaseConnection->query('INSERT INTO `tickets` (`ticket_number`, `client_id`, `subject`, `category`, `priority`, `description`, `attachment`, `status`, `created_at`, `updated_at`) VALUES (:ticket_number:, :client_id:, :subject:, :category:, :priority:, :description:, :attachment:, :status:, :created_at:, :updated_at:)', [...], false)
 2 SYSTEMPATH\Model.php(356): CodeIgniter\Database\BaseBuilder->insert()
 3 SYSTEMPATH\BaseModel.php(898): CodeIgniter\Model->doInsert([...])
 4 SYSTEMPATH\Model.php(665): CodeIgniter\BaseModel->insert([...], false)
 5 SYSTEMPATH\BaseModel.php(751): CodeIgniter\Model->insert([...], false)
 6 APPPATH\Controllers\Client\TicketController.php(49): CodeIgniter\BaseModel->save([...])
 7 SYSTEMPATH\CodeIgniter.php(951): App\Controllers\Client\TicketController->store()
 8 SYSTEMPATH\CodeIgniter.php(497): CodeIgniter\CodeIgniter->runController(Object(App\Controllers\Client\TicketController))
 9 SYSTEMPATH\CodeIgniter.php(340): CodeIgniter\CodeIgniter->handleRequest(null, Object(Config\Cache), false)
10 SYSTEMPATH\Boot.php(417): CodeIgniter\CodeIgniter->run()
11 SYSTEMPATH\Boot.php(68): CodeIgniter\Boot::runCodeIgniter(Object(CodeIgniter\CodeIgniter))
12 FCPATH\index.php(59): CodeIgniter\Boot::bootWeb(Object(Config\Paths))
CRITICAL - 2026-02-16 05:12:55 --> [Caused by] CodeIgniter\Database\Exceptions\DatabaseException: Column 'client_id' cannot be null
in SYSTEMPATH\Database\MySQLi\Connection.php on line 310.
 1 SYSTEMPATH\Database\BaseConnection.php(769): CodeIgniter\Database\MySQLi\Connection->execute('INSERT INTO `tickets` (`ticket_number`, `client_id`, `subject`, `category`, `priority`, `description`, `attachment`, `status`, `created_at`, `updated_at`) VALUES (\'TIC-20260216-0001\', NULL, \'System Hang\', \'Technical Support\', \'High\', \'oh nooo!\', \'1771218775_a6d27b136d12ec4c46c9.png\', \'Open\', \'2026-02-16 05:12:55\', \'2026-02-16 05:12:55\')')
 2 SYSTEMPATH\Database\BaseConnection.php(686): CodeIgniter\Database\BaseConnection->simpleQuery('INSERT INTO `tickets` (`ticket_number`, `client_id`, `subject`, `category`, `priority`, `description`, `attachment`, `status`, `created_at`, `updated_at`) VALUES (\'TIC-20260216-0001\', NULL, \'System Hang\', \'Technical Support\', \'High\', \'oh nooo!\', \'1771218775_a6d27b136d12ec4c46c9.png\', \'Open\', \'2026-02-16 05:12:55\', \'2026-02-16 05:12:55\')')
 3 SYSTEMPATH\Database\BaseBuilder.php(2345): CodeIgniter\Database\BaseConnection->query('INSERT INTO `tickets` (`ticket_number`, `client_id`, `subject`, `category`, `priority`, `description`, `attachment`, `status`, `created_at`, `updated_at`) VALUES (:ticket_number:, :client_id:, :subject:, :category:, :priority:, :description:, :attachment:, :status:, :created_at:, :updated_at:)', [...], false)
 4 SYSTEMPATH\Model.php(356): CodeIgniter\Database\BaseBuilder->insert()
 5 SYSTEMPATH\BaseModel.php(898): CodeIgniter\Model->doInsert([...])
 6 SYSTEMPATH\Model.php(665): CodeIgniter\BaseModel->insert([...], false)
 7 SYSTEMPATH\BaseModel.php(751): CodeIgniter\Model->insert([...], false)
 8 APPPATH\Controllers\Client\TicketController.php(49): CodeIgniter\BaseModel->save([...])
 9 SYSTEMPATH\CodeIgniter.php(951): App\Controllers\Client\TicketController->store()
10 SYSTEMPATH\CodeIgniter.php(497): CodeIgniter\CodeIgniter->runController(Object(App\Controllers\Client\TicketController))
11 SYSTEMPATH\CodeIgniter.php(340): CodeIgniter\CodeIgniter->handleRequest(null, Object(Config\Cache), false)
12 SYSTEMPATH\Boot.php(417): CodeIgniter\CodeIgniter->run()
13 SYSTEMPATH\Boot.php(68): CodeIgniter\Boot::runCodeIgniter(Object(CodeIgniter\CodeIgniter))
14 FCPATH\index.php(59): CodeIgniter\Boot::bootWeb(Object(Config\Paths))
CRITICAL - 2026-02-16 05:12:55 --> [Caused by] mysqli_sql_exception: Column 'client_id' cannot be null
in SYSTEMPATH\Database\MySQLi\Connection.php on line 300.
 1 SYSTEMPATH\Database\MySQLi\Connection.php(300): mysqli->query('INSERT INTO `tickets` (`ticket_number`, `client_id`, `subject`, `category`, `priority`, `description`, `attachment`, `status`, `created_at`, `updated_at`) VALUES (\'TIC-20260216-0001\', NULL, \'System Hang\', \'Technical Support\', \'High\', \'oh nooo!\', \'1771218775_a6d27b136d12ec4c46c9.png\', \'Open\', \'2026-02-16 05:12:55\', \'2026-02-16 05:12:55\')', 0)
 2 SYSTEMPATH\Database\BaseConnection.php(769): CodeIgniter\Database\MySQLi\Connection->execute('INSERT INTO `tickets` (`ticket_number`, `client_id`, `subject`, `category`, `priority`, `description`, `attachment`, `status`, `created_at`, `updated_at`) VALUES (\'TIC-20260216-0001\', NULL, \'System Hang\', \'Technical Support\', \'High\', \'oh nooo!\', \'1771218775_a6d27b136d12ec4c46c9.png\', \'Open\', \'2026-02-16 05:12:55\', \'2026-02-16 05:12:55\')')
 3 SYSTEMPATH\Database\BaseConnection.php(686): CodeIgniter\Database\BaseConnection->simpleQuery('INSERT INTO `tickets` (`ticket_number`, `client_id`, `subject`, `category`, `priority`, `description`, `attachment`, `status`, `created_at`, `updated_at`) VALUES (\'TIC-20260216-0001\', NULL, \'System Hang\', \'Technical Support\', \'High\', \'oh nooo!\', \'1771218775_a6d27b136d12ec4c46c9.png\', \'Open\', \'2026-02-16 05:12:55\', \'2026-02-16 05:12:55\')')
 4 SYSTEMPATH\Database\BaseBuilder.php(2345): CodeIgniter\Database\BaseConnection->query('INSERT INTO `tickets` (`ticket_number`, `client_id`, `subject`, `category`, `priority`, `description`, `attachment`, `status`, `created_at`, `updated_at`) VALUES (:ticket_number:, :client_id:, :subject:, :category:, :priority:, :description:, :attachment:, :status:, :created_at:, :updated_at:)', [...], false)
 5 SYSTEMPATH\Model.php(356): CodeIgniter\Database\BaseBuilder->insert()
 6 SYSTEMPATH\BaseModel.php(898): CodeIgniter\Model->doInsert([...])
 7 SYSTEMPATH\Model.php(665): CodeIgniter\BaseModel->insert([...], false)
 8 SYSTEMPATH\BaseModel.php(751): CodeIgniter\Model->insert([...], false)
 9 APPPATH\Controllers\Client\TicketController.php(49): CodeIgniter\BaseModel->save([...])
10 SYSTEMPATH\CodeIgniter.php(951): App\Controllers\Client\TicketController->store()
11 SYSTEMPATH\CodeIgniter.php(497): CodeIgniter\CodeIgniter->runController(Object(App\Controllers\Client\TicketController))
12 SYSTEMPATH\CodeIgniter.php(340): CodeIgniter\CodeIgniter->handleRequest(null, Object(Config\Cache), false)
13 SYSTEMPATH\Boot.php(417): CodeIgniter\CodeIgniter->run()
14 SYSTEMPATH\Boot.php(68): CodeIgniter\Boot::runCodeIgniter(Object(CodeIgniter\CodeIgniter))
15 FCPATH\index.php(59): CodeIgniter\Boot::bootWeb(Object(Config\Paths))
DEBUG - 2026-02-16 05:15:08 --> Session: Class initialized using 'CodeIgniter\Session\Handlers\FileHandler' driver.
DEBUG - 2026-02-16 05:15:08 --> Session: Class initialized using 'CodeIgniter\Session\Handlers\FileHandler' driver.
DEBUG - 2026-02-16 05:15:18 --> Session: Class initialized using 'CodeIgniter\Session\Handlers\FileHandler' driver.
DEBUG - 2026-02-16 05:21:36 --> Session: Class initialized using 'CodeIgniter\Session\Handlers\FileHandler' driver.
DEBUG - 2026-02-16 05:21:37 --> Session: Class initialized using 'CodeIgniter\Session\Handlers\FileHandler' driver.
DEBUG - 2026-02-16 05:21:39 --> Session: Class initialized using 'CodeIgniter\Session\Handlers\FileHandler' driver.
DEBUG - 2026-02-16 05:21:56 --> Session: Class initialized using 'CodeIgniter\Session\Handlers\FileHandler' driver.
CRITICAL - 2026-02-16 05:21:56 --> CodeIgniter\Exceptions\BadMethodCallException: Call to undefined method App\Models\TicketModel::getTicketWithUsers
[Method: GET, Route: client/tickets/view/1]
in SYSTEMPATH\Model.php on line 758.
 1 APPPATH\Controllers\Client\TicketController.php(90): CodeIgniter\Model->__call('getTicketWithUsers', [...])
 2 SYSTEMPATH\CodeIgniter.php(951): App\Controllers\Client\TicketController->view('1')
 3 SYSTEMPATH\CodeIgniter.php(497): CodeIgniter\CodeIgniter->runController(Object(App\Controllers\Client\TicketController))
 4 SYSTEMPATH\CodeIgniter.php(340): CodeIgniter\CodeIgniter->handleRequest(null, Object(Config\Cache), false)
 5 SYSTEMPATH\Boot.php(417): CodeIgniter\CodeIgniter->run()
 6 SYSTEMPATH\Boot.php(68): CodeIgniter\Boot::runCodeIgniter(Object(CodeIgniter\CodeIgniter))
 7 FCPATH\index.php(59): CodeIgniter\Boot::bootWeb(Object(Config\Paths))
DEBUG - 2026-02-16 05:23:33 --> Session: Class initialized using 'CodeIgniter\Session\Handlers\FileHandler' driver.
ERROR - 2026-02-16 05:23:33 --> Unknown column 'u.username' in 'field list'
in SYSTEMPATH\Database\MySQLi\Connection.php on line 300.
 1 SYSTEMPATH\Database\MySQLi\Connection.php(300): mysqli->query('SELECT `tickets`.*, `u`.`username` as `client_name`, `s`.`username` as `staff_name`
FROM `tickets`
LEFT JOIN `users` `u` ON `u`.`id` = `tickets`.`client_id`
LEFT JOIN `users` `s` ON `s`.`id` = `tickets`.`assigned_to`
WHERE `tickets`.`id` = \'1\'
 LIMIT 1', 0)
 2 SYSTEMPATH\Database\BaseConnection.php(769): CodeIgniter\Database\MySQLi\Connection->execute('SELECT `tickets`.*, `u`.`username` as `client_name`, `s`.`username` as `staff_name`
FROM `tickets`
LEFT JOIN `users` `u` ON `u`.`id` = `tickets`.`client_id`
LEFT JOIN `users` `s` ON `s`.`id` = `tickets`.`assigned_to`
WHERE `tickets`.`id` = \'1\'
 LIMIT 1')
 3 SYSTEMPATH\Database\BaseConnection.php(686): CodeIgniter\Database\BaseConnection->simpleQuery('SELECT `tickets`.*, `u`.`username` as `client_name`, `s`.`username` as `staff_name`
FROM `tickets`
LEFT JOIN `users` `u` ON `u`.`id` = `tickets`.`client_id`
LEFT JOIN `users` `s` ON `s`.`id` = `tickets`.`assigned_to`
WHERE `tickets`.`id` = \'1\'
 LIMIT 1')
 4 SYSTEMPATH\Database\BaseBuilder.php(1649): CodeIgniter\Database\BaseConnection->query('SELECT `tickets`.*, `u`.`username` as `client_name`, `s`.`username` as `staff_name`
FROM `tickets`
LEFT JOIN `users` `u` ON `u`.`id` = `tickets`.`client_id`
LEFT JOIN `users` `s` ON `s`.`id` = `tickets`.`assigned_to`
WHERE `tickets`.`id` = :tickets.id:
 LIMIT 1', [...], false)
 5 SYSTEMPATH\Model.php(296): CodeIgniter\Database\BaseBuilder->get()
 6 SYSTEMPATH\BaseModel.php(713): CodeIgniter\Model->doFirst()
 7 APPPATH\Models\TicketModel.php(38): CodeIgniter\BaseModel->first()
 8 APPPATH\Controllers\Client\TicketController.php(90): App\Models\TicketModel->getTicketWithUsers('1')
 9 SYSTEMPATH\CodeIgniter.php(951): App\Controllers\Client\TicketController->view('1')
10 SYSTEMPATH\CodeIgniter.php(497): CodeIgniter\CodeIgniter->runController(Object(App\Controllers\Client\TicketController))
11 SYSTEMPATH\CodeIgniter.php(340): CodeIgniter\CodeIgniter->handleRequest(null, Object(Config\Cache), false)
12 SYSTEMPATH\Boot.php(417): CodeIgniter\CodeIgniter->run()
13 SYSTEMPATH\Boot.php(68): CodeIgniter\Boot::runCodeIgniter(Object(CodeIgniter\CodeIgniter))
14 FCPATH\index.php(59): CodeIgniter\Boot::bootWeb(Object(Config\Paths))
CRITICAL - 2026-02-16 05:23:33 --> CodeIgniter\Database\Exceptions\DatabaseException: Unknown column 'u.username' in 'field list'
[Method: GET, Route: client/tickets/view/1]
in SYSTEMPATH\Database\BaseConnection.php on line 724.
 1 SYSTEMPATH\Database\BaseBuilder.php(1649): CodeIgniter\Database\BaseConnection->query('SELECT `tickets`.*, `u`.`username` as `client_name`, `s`.`username` as `staff_name`
FROM `tickets`
LEFT JOIN `users` `u` ON `u`.`id` = `tickets`.`client_id`
LEFT JOIN `users` `s` ON `s`.`id` = `tickets`.`assigned_to`
WHERE `tickets`.`id` = :tickets.id:
 LIMIT 1', [...], false)
 2 SYSTEMPATH\Model.php(296): CodeIgniter\Database\BaseBuilder->get()
 3 SYSTEMPATH\BaseModel.php(713): CodeIgniter\Model->doFirst()
 4 APPPATH\Models\TicketModel.php(38): CodeIgniter\BaseModel->first()
 5 APPPATH\Controllers\Client\TicketController.php(90): App\Models\TicketModel->getTicketWithUsers('1')
 6 SYSTEMPATH\CodeIgniter.php(951): App\Controllers\Client\TicketController->view('1')
 7 SYSTEMPATH\CodeIgniter.php(497): CodeIgniter\CodeIgniter->runController(Object(App\Controllers\Client\TicketController))
 8 SYSTEMPATH\CodeIgniter.php(340): CodeIgniter\CodeIgniter->handleRequest(null, Object(Config\Cache), false)
 9 SYSTEMPATH\Boot.php(417): CodeIgniter\CodeIgniter->run()
10 SYSTEMPATH\Boot.php(68): CodeIgniter\Boot::runCodeIgniter(Object(CodeIgniter\CodeIgniter))
11 FCPATH\index.php(59): CodeIgniter\Boot::bootWeb(Object(Config\Paths))
CRITICAL - 2026-02-16 05:23:33 --> [Caused by] CodeIgniter\Database\Exceptions\DatabaseException: Unknown column 'u.username' in 'field list'
in SYSTEMPATH\Database\MySQLi\Connection.php on line 310.
 1 SYSTEMPATH\Database\BaseConnection.php(769): CodeIgniter\Database\MySQLi\Connection->execute('SELECT `tickets`.*, `u`.`username` as `client_name`, `s`.`username` as `staff_name`
FROM `tickets`
LEFT JOIN `users` `u` ON `u`.`id` = `tickets`.`client_id`
LEFT JOIN `users` `s` ON `s`.`id` = `tickets`.`assigned_to`
WHERE `tickets`.`id` = \'1\'
 LIMIT 1')
 2 SYSTEMPATH\Database\BaseConnection.php(686): CodeIgniter\Database\BaseConnection->simpleQuery('SELECT `tickets`.*, `u`.`username` as `client_name`, `s`.`username` as `staff_name`
FROM `tickets`
LEFT JOIN `users` `u` ON `u`.`id` = `tickets`.`client_id`
LEFT JOIN `users` `s` ON `s`.`id` = `tickets`.`assigned_to`
WHERE `tickets`.`id` = \'1\'
 LIMIT 1')
 3 SYSTEMPATH\Database\BaseBuilder.php(1649): CodeIgniter\Database\BaseConnection->query('SELECT `tickets`.*, `u`.`username` as `client_name`, `s`.`username` as `staff_name`
FROM `tickets`
LEFT JOIN `users` `u` ON `u`.`id` = `tickets`.`client_id`
LEFT JOIN `users` `s` ON `s`.`id` = `tickets`.`assigned_to`
WHERE `tickets`.`id` = :tickets.id:
 LIMIT 1', [...], false)
 4 SYSTEMPATH\Model.php(296): CodeIgniter\Database\BaseBuilder->get()
 5 SYSTEMPATH\BaseModel.php(713): CodeIgniter\Model->doFirst()
 6 APPPATH\Models\TicketModel.php(38): CodeIgniter\BaseModel->first()
 7 APPPATH\Controllers\Client\TicketController.php(90): App\Models\TicketModel->getTicketWithUsers('1')
 8 SYSTEMPATH\CodeIgniter.php(951): App\Controllers\Client\TicketController->view('1')
 9 SYSTEMPATH\CodeIgniter.php(497): CodeIgniter\CodeIgniter->runController(Object(App\Controllers\Client\TicketController))
10 SYSTEMPATH\CodeIgniter.php(340): CodeIgniter\CodeIgniter->handleRequest(null, Object(Config\Cache), false)
11 SYSTEMPATH\Boot.php(417): CodeIgniter\CodeIgniter->run()
12 SYSTEMPATH\Boot.php(68): CodeIgniter\Boot::runCodeIgniter(Object(CodeIgniter\CodeIgniter))
13 FCPATH\index.php(59): CodeIgniter\Boot::bootWeb(Object(Config\Paths))
CRITICAL - 2026-02-16 05:23:33 --> [Caused by] mysqli_sql_exception: Unknown column 'u.username' in 'field list'
in SYSTEMPATH\Database\MySQLi\Connection.php on line 300.
 1 SYSTEMPATH\Database\MySQLi\Connection.php(300): mysqli->query('SELECT `tickets`.*, `u`.`username` as `client_name`, `s`.`username` as `staff_name`
FROM `tickets`
LEFT JOIN `users` `u` ON `u`.`id` = `tickets`.`client_id`
LEFT JOIN `users` `s` ON `s`.`id` = `tickets`.`assigned_to`
WHERE `tickets`.`id` = \'1\'
 LIMIT 1', 0)
 2 SYSTEMPATH\Database\BaseConnection.php(769): CodeIgniter\Database\MySQLi\Connection->execute('SELECT `tickets`.*, `u`.`username` as `client_name`, `s`.`username` as `staff_name`
FROM `tickets`
LEFT JOIN `users` `u` ON `u`.`id` = `tickets`.`client_id`
LEFT JOIN `users` `s` ON `s`.`id` = `tickets`.`assigned_to`
WHERE `tickets`.`id` = \'1\'
 LIMIT 1')
 3 SYSTEMPATH\Database\BaseConnection.php(686): CodeIgniter\Database\BaseConnection->simpleQuery('SELECT `tickets`.*, `u`.`username` as `client_name`, `s`.`username` as `staff_name`
FROM `tickets`
LEFT JOIN `users` `u` ON `u`.`id` = `tickets`.`client_id`
LEFT JOIN `users` `s` ON `s`.`id` = `tickets`.`assigned_to`
WHERE `tickets`.`id` = \'1\'
 LIMIT 1')
 4 SYSTEMPATH\Database\BaseBuilder.php(1649): CodeIgniter\Database\BaseConnection->query('SELECT `tickets`.*, `u`.`username` as `client_name`, `s`.`username` as `staff_name`
FROM `tickets`
LEFT JOIN `users` `u` ON `u`.`id` = `tickets`.`client_id`
LEFT JOIN `users` `s` ON `s`.`id` = `tickets`.`assigned_to`
WHERE `tickets`.`id` = :tickets.id:
 LIMIT 1', [...], false)
 5 SYSTEMPATH\Model.php(296): CodeIgniter\Database\BaseBuilder->get()
 6 SYSTEMPATH\BaseModel.php(713): CodeIgniter\Model->doFirst()
 7 APPPATH\Models\TicketModel.php(38): CodeIgniter\BaseModel->first()
 8 APPPATH\Controllers\Client\TicketController.php(90): App\Models\TicketModel->getTicketWithUsers('1')
 9 SYSTEMPATH\CodeIgniter.php(951): App\Controllers\Client\TicketController->view('1')
10 SYSTEMPATH\CodeIgniter.php(497): CodeIgniter\CodeIgniter->runController(Object(App\Controllers\Client\TicketController))
11 SYSTEMPATH\CodeIgniter.php(340): CodeIgniter\CodeIgniter->handleRequest(null, Object(Config\Cache), false)
12 SYSTEMPATH\Boot.php(417): CodeIgniter\CodeIgniter->run()
13 SYSTEMPATH\Boot.php(68): CodeIgniter\Boot::runCodeIgniter(Object(CodeIgniter\CodeIgniter))
14 FCPATH\index.php(59): CodeIgniter\Boot::bootWeb(Object(Config\Paths))
DEBUG - 2026-02-16 05:24:10 --> Session: Class initialized using 'CodeIgniter\Session\Handlers\FileHandler' driver.
ERROR - 2026-02-16 05:24:10 --> Table 'hrweb_db.ticket_replies' doesn't exist
in SYSTEMPATH\Database\MySQLi\Connection.php on line 300.
 1 SYSTEMPATH\Database\MySQLi\Connection.php(300): mysqli->query('SELECT `ticket_replies`.*, `users`.`email` as `username`, `users`.`role`
FROM `ticket_replies`
JOIN `users` ON `users`.`id` = `ticket_replies`.`user_id`
WHERE `ticket_id` = \'1\'
ORDER BY `created_at` ASC', 0)
 2 SYSTEMPATH\Database\BaseConnection.php(769): CodeIgniter\Database\MySQLi\Connection->execute('SELECT `ticket_replies`.*, `users`.`email` as `username`, `users`.`role`
FROM `ticket_replies`
JOIN `users` ON `users`.`id` = `ticket_replies`.`user_id`
WHERE `ticket_id` = \'1\'
ORDER BY `created_at` ASC')
 3 SYSTEMPATH\Database\BaseConnection.php(686): CodeIgniter\Database\BaseConnection->simpleQuery('SELECT `ticket_replies`.*, `users`.`email` as `username`, `users`.`role`
FROM `ticket_replies`
JOIN `users` ON `users`.`id` = `ticket_replies`.`user_id`
WHERE `ticket_id` = \'1\'
ORDER BY `created_at` ASC')
 4 SYSTEMPATH\Database\BaseBuilder.php(1649): CodeIgniter\Database\BaseConnection->query('SELECT `ticket_replies`.*, `users`.`email` as `username`, `users`.`role`
FROM `ticket_replies`
JOIN `users` ON `users`.`id` = `ticket_replies`.`user_id`
WHERE `ticket_id` = :ticket_id:
ORDER BY `created_at` ASC', [...], false)
 5 APPPATH\Models\TicketModel.php(52): CodeIgniter\Database\BaseBuilder->get()
 6 APPPATH\Controllers\Client\TicketController.php(100): App\Models\TicketModel->getReplies('1')
 7 SYSTEMPATH\CodeIgniter.php(951): App\Controllers\Client\TicketController->view('1')
 8 SYSTEMPATH\CodeIgniter.php(497): CodeIgniter\CodeIgniter->runController(Object(App\Controllers\Client\TicketController))
 9 SYSTEMPATH\CodeIgniter.php(340): CodeIgniter\CodeIgniter->handleRequest(null, Object(Config\Cache), false)
10 SYSTEMPATH\Boot.php(417): CodeIgniter\CodeIgniter->run()
11 SYSTEMPATH\Boot.php(68): CodeIgniter\Boot::runCodeIgniter(Object(CodeIgniter\CodeIgniter))
12 FCPATH\index.php(59): CodeIgniter\Boot::bootWeb(Object(Config\Paths))
CRITICAL - 2026-02-16 05:24:10 --> CodeIgniter\Database\Exceptions\DatabaseException: Table 'hrweb_db.ticket_replies' doesn't exist
[Method: GET, Route: client/tickets/view/1]
in SYSTEMPATH\Database\BaseConnection.php on line 724.
 1 SYSTEMPATH\Database\BaseBuilder.php(1649): CodeIgniter\Database\BaseConnection->query('SELECT `ticket_replies`.*, `users`.`email` as `username`, `users`.`role`
FROM `ticket_replies`
JOIN `users` ON `users`.`id` = `ticket_replies`.`user_id`
WHERE `ticket_id` = :ticket_id:
ORDER BY `created_at` ASC', [...], false)
 2 APPPATH\Models\TicketModel.php(52): CodeIgniter\Database\BaseBuilder->get()
 3 APPPATH\Controllers\Client\TicketController.php(100): App\Models\TicketModel->getReplies('1')
 4 SYSTEMPATH\CodeIgniter.php(951): App\Controllers\Client\TicketController->view('1')
 5 SYSTEMPATH\CodeIgniter.php(497): CodeIgniter\CodeIgniter->runController(Object(App\Controllers\Client\TicketController))
 6 SYSTEMPATH\CodeIgniter.php(340): CodeIgniter\CodeIgniter->handleRequest(null, Object(Config\Cache), false)
 7 SYSTEMPATH\Boot.php(417): CodeIgniter\CodeIgniter->run()
 8 SYSTEMPATH\Boot.php(68): CodeIgniter\Boot::runCodeIgniter(Object(CodeIgniter\CodeIgniter))
 9 FCPATH\index.php(59): CodeIgniter\Boot::bootWeb(Object(Config\Paths))
CRITICAL - 2026-02-16 05:24:10 --> [Caused by] CodeIgniter\Database\Exceptions\DatabaseException: Table 'hrweb_db.ticket_replies' doesn't exist
in SYSTEMPATH\Database\MySQLi\Connection.php on line 310.
 1 SYSTEMPATH\Database\BaseConnection.php(769): CodeIgniter\Database\MySQLi\Connection->execute('SELECT `ticket_replies`.*, `users`.`email` as `username`, `users`.`role`
FROM `ticket_replies`
JOIN `users` ON `users`.`id` = `ticket_replies`.`user_id`
WHERE `ticket_id` = \'1\'
ORDER BY `created_at` ASC')
 2 SYSTEMPATH\Database\BaseConnection.php(686): CodeIgniter\Database\BaseConnection->simpleQuery('SELECT `ticket_replies`.*, `users`.`email` as `username`, `users`.`role`
FROM `ticket_replies`
JOIN `users` ON `users`.`id` = `ticket_replies`.`user_id`
WHERE `ticket_id` = \'1\'
ORDER BY `created_at` ASC')
 3 SYSTEMPATH\Database\BaseBuilder.php(1649): CodeIgniter\Database\BaseConnection->query('SELECT `ticket_replies`.*, `users`.`email` as `username`, `users`.`role`
FROM `ticket_replies`
JOIN `users` ON `users`.`id` = `ticket_replies`.`user_id`
WHERE `ticket_id` = :ticket_id:
ORDER BY `created_at` ASC', [...], false)
 4 APPPATH\Models\TicketModel.php(52): CodeIgniter\Database\BaseBuilder->get()
 5 APPPATH\Controllers\Client\TicketController.php(100): App\Models\TicketModel->getReplies('1')
 6 SYSTEMPATH\CodeIgniter.php(951): App\Controllers\Client\TicketController->view('1')
 7 SYSTEMPATH\CodeIgniter.php(497): CodeIgniter\CodeIgniter->runController(Object(App\Controllers\Client\TicketController))
 8 SYSTEMPATH\CodeIgniter.php(340): CodeIgniter\CodeIgniter->handleRequest(null, Object(Config\Cache), false)
 9 SYSTEMPATH\Boot.php(417): CodeIgniter\CodeIgniter->run()
10 SYSTEMPATH\Boot.php(68): CodeIgniter\Boot::runCodeIgniter(Object(CodeIgniter\CodeIgniter))
11 FCPATH\index.php(59): CodeIgniter\Boot::bootWeb(Object(Config\Paths))
CRITICAL - 2026-02-16 05:24:10 --> [Caused by] mysqli_sql_exception: Table 'hrweb_db.ticket_replies' doesn't exist
in SYSTEMPATH\Database\MySQLi\Connection.php on line 300.
 1 SYSTEMPATH\Database\MySQLi\Connection.php(300): mysqli->query('SELECT `ticket_replies`.*, `users`.`email` as `username`, `users`.`role`
FROM `ticket_replies`
JOIN `users` ON `users`.`id` = `ticket_replies`.`user_id`
WHERE `ticket_id` = \'1\'
ORDER BY `created_at` ASC', 0)
 2 SYSTEMPATH\Database\BaseConnection.php(769): CodeIgniter\Database\MySQLi\Connection->execute('SELECT `ticket_replies`.*, `users`.`email` as `username`, `users`.`role`
FROM `ticket_replies`
JOIN `users` ON `users`.`id` = `ticket_replies`.`user_id`
WHERE `ticket_id` = \'1\'
ORDER BY `created_at` ASC')
 3 SYSTEMPATH\Database\BaseConnection.php(686): CodeIgniter\Database\BaseConnection->simpleQuery('SELECT `ticket_replies`.*, `users`.`email` as `username`, `users`.`role`
FROM `ticket_replies`
JOIN `users` ON `users`.`id` = `ticket_replies`.`user_id`
WHERE `ticket_id` = \'1\'
ORDER BY `created_at` ASC')
 4 SYSTEMPATH\Database\BaseBuilder.php(1649): CodeIgniter\Database\BaseConnection->query('SELECT `ticket_replies`.*, `users`.`email` as `username`, `users`.`role`
FROM `ticket_replies`
JOIN `users` ON `users`.`id` = `ticket_replies`.`user_id`
WHERE `ticket_id` = :ticket_id:
ORDER BY `created_at` ASC', [...], false)
 5 APPPATH\Models\TicketModel.php(52): CodeIgniter\Database\BaseBuilder->get()
 6 APPPATH\Controllers\Client\TicketController.php(100): App\Models\TicketModel->getReplies('1')
 7 SYSTEMPATH\CodeIgniter.php(951): App\Controllers\Client\TicketController->view('1')
 8 SYSTEMPATH\CodeIgniter.php(497): CodeIgniter\CodeIgniter->runController(Object(App\Controllers\Client\TicketController))
 9 SYSTEMPATH\CodeIgniter.php(340): CodeIgniter\CodeIgniter->handleRequest(null, Object(Config\Cache), false)
10 SYSTEMPATH\Boot.php(417): CodeIgniter\CodeIgniter->run()
11 SYSTEMPATH\Boot.php(68): CodeIgniter\Boot::runCodeIgniter(Object(CodeIgniter\CodeIgniter))
12 FCPATH\index.php(59): CodeIgniter\Boot::bootWeb(Object(Config\Paths))
ERROR - 2026-02-16 05:24:31 --> Duplicate column name 'attachment'
in SYSTEMPATH\Database\MySQLi\Connection.php on line 300.
 1 SYSTEMPATH\Database\MySQLi\Connection.php(300): mysqli->query('ALTER TABLE `tickets`
	ADD `attachment` VARCHAR(255) NULL AFTER `description`', 0)
 2 SYSTEMPATH\Database\BaseConnection.php(769): CodeIgniter\Database\MySQLi\Connection->execute('ALTER TABLE `tickets`
	ADD `attachment` VARCHAR(255) NULL AFTER `description`')
 3 SYSTEMPATH\Database\BaseConnection.php(686): CodeIgniter\Database\BaseConnection->simpleQuery('ALTER TABLE `tickets`
	ADD `attachment` VARCHAR(255) NULL AFTER `description`')
 4 SYSTEMPATH\Database\Forge.php(772): CodeIgniter\Database\BaseConnection->query('ALTER TABLE `tickets`
	ADD `attachment` VARCHAR(255) NULL AFTER `description`')
 5 APPPATH\Database\Migrations\2026-02-16-000001_FinalTicketingSystem.php(24): CodeIgniter\Database\Forge->addColumn('tickets', [...])
 6 SYSTEMPATH\Database\MigrationRunner.php(1014): App\Database\Migrations\FinalTicketingSystem->up()
 7 SYSTEMPATH\Database\MigrationRunner.php(202): CodeIgniter\Database\MigrationRunner->migrate('up', Object(stdClass))
 8 SYSTEMPATH\Commands\Database\Migrate.php(89): CodeIgniter\Database\MigrationRunner->latest(null)
 9 SYSTEMPATH\CLI\SignalTrait.php(245): CodeIgniter\Commands\Database\Migrate::CodeIgniter\Commands\Database\{closure}()
10 SYSTEMPATH\Commands\Database\Migrate.php(88): CodeIgniter\Commands\Database\Migrate->withSignalsBlocked(Object(Closure))
11 SYSTEMPATH\CLI\Commands.php(74): CodeIgniter\Commands\Database\Migrate->run([])
12 SYSTEMPATH\CLI\Console.php(47): CodeIgniter\CLI\Commands->run('migrate', [])
13 SYSTEMPATH\Boot.php(442): CodeIgniter\CLI\Console->run()
14 SYSTEMPATH\Boot.php(166): CodeIgniter\Boot::runCommand(Object(CodeIgniter\CLI\Console))
15 ROOTPATH\spark(87): CodeIgniter\Boot::bootSpark(Object(Config\Paths))
ERROR - 2026-02-16 05:24:39 --> Duplicate column name 'attachment'
in SYSTEMPATH\Database\MySQLi\Connection.php on line 300.
 1 SYSTEMPATH\Database\MySQLi\Connection.php(300): mysqli->query('ALTER TABLE `tickets`
	ADD `attachment` VARCHAR(255) NULL AFTER `description`', 0)
 2 SYSTEMPATH\Database\BaseConnection.php(769): CodeIgniter\Database\MySQLi\Connection->execute('ALTER TABLE `tickets`
	ADD `attachment` VARCHAR(255) NULL AFTER `description`')
 3 SYSTEMPATH\Database\BaseConnection.php(686): CodeIgniter\Database\BaseConnection->simpleQuery('ALTER TABLE `tickets`
	ADD `attachment` VARCHAR(255) NULL AFTER `description`')
 4 SYSTEMPATH\Database\Forge.php(772): CodeIgniter\Database\BaseConnection->query('ALTER TABLE `tickets`
	ADD `attachment` VARCHAR(255) NULL AFTER `description`')
 5 APPPATH\Database\Migrations\2026-02-16-000001_FinalTicketingSystem.php(24): CodeIgniter\Database\Forge->addColumn('tickets', [...])
 6 SYSTEMPATH\Database\MigrationRunner.php(1014): App\Database\Migrations\FinalTicketingSystem->up()
 7 SYSTEMPATH\Database\MigrationRunner.php(202): CodeIgniter\Database\MigrationRunner->migrate('up', Object(stdClass))
 8 SYSTEMPATH\Commands\Database\Migrate.php(89): CodeIgniter\Database\MigrationRunner->latest(null)
 9 SYSTEMPATH\CLI\SignalTrait.php(245): CodeIgniter\Commands\Database\Migrate::CodeIgniter\Commands\Database\{closure}()
10 SYSTEMPATH\Commands\Database\Migrate.php(88): CodeIgniter\Commands\Database\Migrate->withSignalsBlocked(Object(Closure))
11 SYSTEMPATH\CLI\Commands.php(74): CodeIgniter\Commands\Database\Migrate->run([])
12 SYSTEMPATH\CLI\Console.php(47): CodeIgniter\CLI\Commands->run('migrate', [])
13 SYSTEMPATH\Boot.php(442): CodeIgniter\CLI\Console->run()
14 SYSTEMPATH\Boot.php(166): CodeIgniter\Boot::runCommand(Object(CodeIgniter\CLI\Console))
15 ROOTPATH\spark(87): CodeIgniter\Boot::bootSpark(Object(Config\Paths))
ERROR - 2026-02-16 05:25:09 --> Duplicate column name 'attachment'
in SYSTEMPATH\Database\MySQLi\Connection.php on line 300.
 1 SYSTEMPATH\Database\MySQLi\Connection.php(300): mysqli->query('ALTER TABLE `tickets`
	ADD `attachment` VARCHAR(255) NULL AFTER `description`', 0)
 2 SYSTEMPATH\Database\BaseConnection.php(769): CodeIgniter\Database\MySQLi\Connection->execute('ALTER TABLE `tickets`
	ADD `attachment` VARCHAR(255) NULL AFTER `description`')
 3 SYSTEMPATH\Database\BaseConnection.php(686): CodeIgniter\Database\BaseConnection->simpleQuery('ALTER TABLE `tickets`
	ADD `attachment` VARCHAR(255) NULL AFTER `description`')
 4 SYSTEMPATH\Database\Forge.php(772): CodeIgniter\Database\BaseConnection->query('ALTER TABLE `tickets`
	ADD `attachment` VARCHAR(255) NULL AFTER `description`')
 5 APPPATH\Database\Migrations\2026-02-16-000001_FinalTicketingSystem.php(24): CodeIgniter\Database\Forge->addColumn('tickets', [...])
 6 SYSTEMPATH\Database\MigrationRunner.php(1014): App\Database\Migrations\FinalTicketingSystem->up()
 7 SYSTEMPATH\Database\MigrationRunner.php(202): CodeIgniter\Database\MigrationRunner->migrate('up', Object(stdClass))
 8 SYSTEMPATH\Commands\Database\Migrate.php(89): CodeIgniter\Database\MigrationRunner->latest(null)
 9 SYSTEMPATH\CLI\SignalTrait.php(245): CodeIgniter\Commands\Database\Migrate::CodeIgniter\Commands\Database\{closure}()
10 SYSTEMPATH\Commands\Database\Migrate.php(88): CodeIgniter\Commands\Database\Migrate->withSignalsBlocked(Object(Closure))
11 SYSTEMPATH\CLI\Commands.php(74): CodeIgniter\Commands\Database\Migrate->run([])
12 SYSTEMPATH\CLI\Console.php(47): CodeIgniter\CLI\Commands->run('migrate', [])
13 SYSTEMPATH\Boot.php(442): CodeIgniter\CLI\Console->run()
14 SYSTEMPATH\Boot.php(166): CodeIgniter\Boot::runCommand(Object(CodeIgniter\CLI\Console))
15 ROOTPATH\spark(87): CodeIgniter\Boot::bootSpark(Object(Config\Paths))
ERROR - 2026-02-16 05:29:28 --> Can't create table `hrweb_db`.`ticket_replies` (errno: 150 "Foreign key constraint is incorrectly formed")
in SYSTEMPATH\Database\MySQLi\Connection.php on line 300.
 1 SYSTEMPATH\Database\MySQLi\Connection.php(300): mysqli->query('CREATE TABLE `ticket_replies` (
	`id` INT(11) UNSIGNED NOT NULL AUTO_INCREMENT,
	`ticket_id` INT(11) UNSIGNED NOT NULL,
	`user_id` INT(11) UNSIGNED NOT NULL,
	`message` TEXT NOT NULL,
	`attachment` VARCHAR(255) NULL,
	`created_at` DATETIME NULL,
	CONSTRAINT `pk_ticket_replies` PRIMARY KEY(`id`),
	CONSTRAINT `ticket_replies_ticket_id_foreign` FOREIGN KEY (`ticket_id`) REFERENCES `tickets`(`id`) ON DELETE CASCADE ON UPDATE CASCADE
) DEFAULT CHARACTER SET = utf8mb4 COLLATE = utf8mb4_general_ci', 0)
 2 SYSTEMPATH\Database\BaseConnection.php(769): CodeIgniter\Database\MySQLi\Connection->execute('CREATE TABLE `ticket_replies` (
	`id` INT(11) UNSIGNED NOT NULL AUTO_INCREMENT,
	`ticket_id` INT(11) UNSIGNED NOT NULL,
	`user_id` INT(11) UNSIGNED NOT NULL,
	`message` TEXT NOT NULL,
	`attachment` VARCHAR(255) NULL,
	`created_at` DATETIME NULL,
	CONSTRAINT `pk_ticket_replies` PRIMARY KEY(`id`),
	CONSTRAINT `ticket_replies_ticket_id_foreign` FOREIGN KEY (`ticket_id`) REFERENCES `tickets`(`id`) ON DELETE CASCADE ON UPDATE CASCADE
) DEFAULT CHARACTER SET = utf8mb4 COLLATE = utf8mb4_general_ci')
 3 SYSTEMPATH\Database\BaseConnection.php(686): CodeIgniter\Database\BaseConnection->simpleQuery('CREATE TABLE `ticket_replies` (
	`id` INT(11) UNSIGNED NOT NULL AUTO_INCREMENT,
	`ticket_id` INT(11) UNSIGNED NOT NULL,
	`user_id` INT(11) UNSIGNED NOT NULL,
	`message` TEXT NOT NULL,
	`attachment` VARCHAR(255) NULL,
	`created_at` DATETIME NULL,
	CONSTRAINT `pk_ticket_replies` PRIMARY KEY(`id`),
	CONSTRAINT `ticket_replies_ticket_id_foreign` FOREIGN KEY (`ticket_id`) REFERENCES `tickets`(`id`) ON DELETE CASCADE ON UPDATE CASCADE
) DEFAULT CHARACTER SET = utf8mb4 COLLATE = utf8mb4_general_ci')
 4 SYSTEMPATH\Database\Forge.php(570): CodeIgniter\Database\BaseConnection->query('CREATE TABLE `ticket_replies` (
	`id` INT(11) UNSIGNED NOT NULL AUTO_INCREMENT,
	`ticket_id` INT(11) UNSIGNED NOT NULL,
	`user_id` INT(11) UNSIGNED NOT NULL,
	`message` TEXT NOT NULL,
	`attachment` VARCHAR(255) NULL,
	`created_at` DATETIME NULL,
	CONSTRAINT `pk_ticket_replies` PRIMARY KEY(`id`),
	CONSTRAINT `ticket_replies_ticket_id_foreign` FOREIGN KEY (`ticket_id`) REFERENCES `tickets`(`id`) ON DELETE CASCADE ON UPDATE CASCADE
) DEFAULT CHARACTER SET = utf8mb4 COLLATE = utf8mb4_general_ci')
 5 APPPATH\Database\Migrations\2026-02-16-000001_FinalTicketingSystem.php(39): CodeIgniter\Database\Forge->createTable('ticket_replies', true)
 6 SYSTEMPATH\Database\MigrationRunner.php(1014): App\Database\Migrations\FinalTicketingSystem->up()
 7 SYSTEMPATH\Database\MigrationRunner.php(202): CodeIgniter\Database\MigrationRunner->migrate('up', Object(stdClass))
 8 SYSTEMPATH\Commands\Database\Migrate.php(89): CodeIgniter\Database\MigrationRunner->latest(null)
 9 SYSTEMPATH\CLI\SignalTrait.php(245): CodeIgniter\Commands\Database\Migrate::CodeIgniter\Commands\Database\{closure}()
10 SYSTEMPATH\Commands\Database\Migrate.php(88): CodeIgniter\Commands\Database\Migrate->withSignalsBlocked(Object(Closure))
11 SYSTEMPATH\CLI\Commands.php(74): CodeIgniter\Commands\Database\Migrate->run([])
12 SYSTEMPATH\CLI\Console.php(47): CodeIgniter\CLI\Commands->run('migrate', [])
13 SYSTEMPATH\Boot.php(442): CodeIgniter\CLI\Console->run()
14 SYSTEMPATH\Boot.php(166): CodeIgniter\Boot::runCommand(Object(CodeIgniter\CLI\Console))
15 ROOTPATH\spark(87): CodeIgniter\Boot::bootSpark(Object(Config\Paths))
DEBUG - 2026-02-16 05:30:10 --> Session: Class initialized using 'CodeIgniter\Session\Handlers\FileHandler' driver.
DEBUG - 2026-02-16 05:30:13 --> Session: Class initialized using 'CodeIgniter\Session\Handlers\FileHandler' driver.
DEBUG - 2026-02-16 05:30:15 --> Session: Class initialized using 'CodeIgniter\Session\Handlers\FileHandler' driver.
DEBUG - 2026-02-16 05:32:30 --> Session: Class initialized using 'CodeIgniter\Session\Handlers\FileHandler' driver.
DEBUG - 2026-02-16 05:32:56 --> Session: Class initialized using 'CodeIgniter\Session\Handlers\FileHandler' driver.
DEBUG - 2026-02-16 05:33:58 --> Session: Class initialized using 'CodeIgniter\Session\Handlers\FileHandler' driver.
DEBUG - 2026-02-16 05:34:53 --> Session: Class initialized using 'CodeIgniter\Session\Handlers\FileHandler' driver.
DEBUG - 2026-02-16 05:35:13 --> Session: Class initialized using 'CodeIgniter\Session\Handlers\FileHandler' driver.
DEBUG - 2026-02-16 05:35:14 --> Session: Class initialized using 'CodeIgniter\Session\Handlers\FileHandler' driver.
DEBUG - 2026-02-16 05:35:24 --> Session: Class initialized using 'CodeIgniter\Session\Handlers\FileHandler' driver.
DEBUG - 2026-02-16 05:35:26 --> Session: Class initialized using 'CodeIgniter\Session\Handlers\FileHandler' driver.
DEBUG - 2026-02-16 05:35:27 --> Session: Class initialized using 'CodeIgniter\Session\Handlers\FileHandler' driver.
DEBUG - 2026-02-16 05:36:27 --> Session: Class initialized using 'CodeIgniter\Session\Handlers\FileHandler' driver.
DEBUG - 2026-02-16 05:36:28 --> Session: Class initialized using 'CodeIgniter\Session\Handlers\FileHandler' driver.
DEBUG - 2026-02-16 05:36:29 --> Session: Class initialized using 'CodeIgniter\Session\Handlers\FileHandler' driver.
DEBUG - 2026-02-16 05:36:32 --> Session: Class initialized using 'CodeIgniter\Session\Handlers\FileHandler' driver.
DEBUG - 2026-02-16 05:36:33 --> Session: Class initialized using 'CodeIgniter\Session\Handlers\FileHandler' driver.
DEBUG - 2026-02-16 05:36:36 --> Session: Class initialized using 'CodeIgniter\Session\Handlers\FileHandler' driver.
DEBUG - 2026-02-16 05:36:56 --> Session: Class initialized using 'CodeIgniter\Session\Handlers\FileHandler' driver.
DEBUG - 2026-02-16 05:36:58 --> Session: Class initialized using 'CodeIgniter\Session\Handlers\FileHandler' driver.
DEBUG - 2026-02-16 05:37:00 --> Session: Class initialized using 'CodeIgniter\Session\Handlers\FileHandler' driver.
DEBUG - 2026-02-16 05:37:01 --> Session: Class initialized using 'CodeIgniter\Session\Handlers\FileHandler' driver.
DEBUG - 2026-02-16 05:37:22 --> Session: Class initialized using 'CodeIgniter\Session\Handlers\FileHandler' driver.
DEBUG - 2026-02-16 05:37:24 --> Session: Class initialized using 'CodeIgniter\Session\Handlers\FileHandler' driver.
DEBUG - 2026-02-16 05:37:24 --> Session: Class initialized using 'CodeIgniter\Session\Handlers\FileHandler' driver.
DEBUG - 2026-02-16 05:37:43 --> Session: Class initialized using 'CodeIgniter\Session\Handlers\FileHandler' driver.
DEBUG - 2026-02-16 05:37:43 --> Session: Class initialized using 'CodeIgniter\Session\Handlers\FileHandler' driver.
DEBUG - 2026-02-16 05:37:46 --> Session: Class initialized using 'CodeIgniter\Session\Handlers\FileHandler' driver.
DEBUG - 2026-02-16 05:37:48 --> Session: Class initialized using 'CodeIgniter\Session\Handlers\FileHandler' driver.
DEBUG - 2026-02-16 05:47:28 --> Session: Class initialized using 'CodeIgniter\Session\Handlers\FileHandler' driver.
DEBUG - 2026-02-16 05:47:30 --> Session: Class initialized using 'CodeIgniter\Session\Handlers\FileHandler' driver.
DEBUG - 2026-02-16 05:47:30 --> Session: Class initialized using 'CodeIgniter\Session\Handlers\FileHandler' driver.
DEBUG - 2026-02-16 05:47:56 --> Session: Class initialized using 'CodeIgniter\Session\Handlers\FileHandler' driver.
DEBUG - 2026-02-16 05:47:56 --> Session: Class initialized using 'CodeIgniter\Session\Handlers\FileHandler' driver.
DEBUG - 2026-02-16 05:50:14 --> Session: Class initialized using 'CodeIgniter\Session\Handlers\FileHandler' driver.
DEBUG - 2026-02-16 06:13:39 --> Session: Class initialized using 'CodeIgniter\Session\Handlers\FileHandler' driver.
DEBUG - 2026-02-16 06:13:42 --> Session: Class initialized using 'CodeIgniter\Session\Handlers\FileHandler' driver.
DEBUG - 2026-02-16 06:13:42 --> Session: Class initialized using 'CodeIgniter\Session\Handlers\FileHandler' driver.
DEBUG - 2026-02-16 06:31:47 --> Session: Class initialized using 'CodeIgniter\Session\Handlers\FileHandler' driver.
DEBUG - 2026-02-16 06:31:47 --> Session: Class initialized using 'CodeIgniter\Session\Handlers\FileHandler' driver.
DEBUG - 2026-02-16 06:34:18 --> Session: Class initialized using 'CodeIgniter\Session\Handlers\FileHandler' driver.
DEBUG - 2026-02-16 06:37:22 --> Session: Class initialized using 'CodeIgniter\Session\Handlers\FileHandler' driver.
DEBUG - 2026-02-16 06:37:23 --> Session: Class initialized using 'CodeIgniter\Session\Handlers\FileHandler' driver.
DEBUG - 2026-02-16 06:37:24 --> Session: Class initialized using 'CodeIgniter\Session\Handlers\FileHandler' driver.
DEBUG - 2026-02-16 06:37:26 --> Session: Class initialized using 'CodeIgniter\Session\Handlers\FileHandler' driver.
DEBUG - 2026-02-16 06:37:29 --> Session: Class initialized using 'CodeIgniter\Session\Handlers\FileHandler' driver.
DEBUG - 2026-02-16 06:37:32 --> Session: Class initialized using 'CodeIgniter\Session\Handlers\FileHandler' driver.
DEBUG - 2026-02-16 06:37:39 --> Session: Class initialized using 'CodeIgniter\Session\Handlers\FileHandler' driver.
DEBUG - 2026-02-16 06:44:51 --> Session: Class initialized using 'CodeIgniter\Session\Handlers\FileHandler' driver.
